# JRE version: OpenJDK Runtime Environment (21.0.5) (build 21.0.5+-12932927-b750.29)
# Java VM: OpenJDK 64-Bit Server VM (21.0.5+-12932927-b750.29, mixed mode, tiered, compressed oops, compressed class ptrs, g1 gc, linux-amd64)
GC Precious Log:
 CardTable entry size: 512
 Card Set container configuration: InlinePtr #cards 5 size 8 Array Of Cards #cards 12 size 40 Howl #buckets 4 coarsen threshold 1843 Howl Bitmap #cards 512 size 80 coarsen threshold 460 Card regions per heap region 1 cards per card region 2048
 CPUs: 12 total, 12 available
 Memory: 15902M
 Large Page Support: Disabled
 NUMA Support: Disabled
 Compressed Oops: Enabled (32-bit)
 Heap Region Size: 1M
 Heap Min Capacity: 8M
 Heap Initial Capacity: 250M
 Heap Max Capacity: 2G
 Pre-touch: Disabled
 Parallel Workers: 10
 Concurrent Workers: 3
 Concurrent Refinement Workers: 10
 Periodic GC: Disabled
Heap:
 garbage-first heap   total 743424K, used 176362K [0x0000000080000000, 0x0000000100000000)
  region size 1024K, 16 young (16384K), 2 survivors (2048K)
 Metaspace       used 124342K, committed 126592K, reserved 1179648K
  class space    used 16713K, committed 17856K, reserved 1048576K
GC Heap History (20 events):
Event: 11,199 GC heap before
{Heap before GC invocations=40 (full 0):
 garbage-first heap   total 201728K, used 176754K [0x0000000080000000, 0x0000000100000000)
  region size 1024K, 81 young (82944K), 11 survivors (11264K)
 Metaspace       used 115617K, committed 117760K, reserved 1179648K
  class space    used 15957K, committed 17088K, reserved 1048576K
}
Event: 11,205 GC heap after
{Heap after GC invocations=41 (full 0):
 garbage-first heap   total 201728K, used 113010K [0x0000000080000000, 0x0000000100000000)
  region size 1024K, 11 young (11264K), 11 survivors (11264K)
 Metaspace       used 115617K, committed 117760K, reserved 1179648K
  class space    used 15957K, committed 17088K, reserved 1048576K
}
Event: 11,582 GC heap before
{Heap before GC invocations=41 (full 0):
 garbage-first heap   total 201728K, used 182642K [0x0000000080000000, 0x0000000100000000)
  region size 1024K, 75 young (76800K), 11 survivors (11264K)
 Metaspace       used 117175K, committed 119360K, reserved 1179648K
  class space    used 16086K, committed 17216K, reserved 1048576K
}
Event: 11,593 GC heap after
{Heap after GC invocations=42 (full 0):
 garbage-first heap   total 201728K, used 115947K [0x0000000080000000, 0x0000000100000000)
  region size 1024K, 6 young (6144K), 6 survivors (6144K)
 Metaspace       used 117175K, committed 119360K, reserved 1179648K
  class space    used 16086K, committed 17216K, reserved 1048576K
}
Event: 12,118 GC heap before
{Heap before GC invocations=42 (full 0):
 garbage-first heap   total 201728K, used 162027K [0x0000000080000000, 0x0000000100000000)
  region size 1024K, 53 young (54272K), 6 survivors (6144K)
 Metaspace       used 119070K, committed 121216K, reserved 1179648K
  class space    used 16254K, committed 17344K, reserved 1048576K
}
Event: 12,124 GC heap after
{Heap after GC invocations=43 (full 0):
 garbage-first heap   total 201728K, used 126976K [0x0000000080000000, 0x0000000100000000)
  region size 1024K, 9 young (9216K), 9 survivors (9216K)
 Metaspace       used 119070K, committed 121216K, reserved 1179648K
  class space    used 16254K, committed 17344K, reserved 1048576K
}
Event: 12,642 GC heap before
{Heap before GC invocations=44 (full 0):
 garbage-first heap   total 227328K, used 195584K [0x0000000080000000, 0x0000000100000000)
  region size 1024K, 61 young (62464K), 9 survivors (9216K)
 Metaspace       used 119665K, committed 121792K, reserved 1179648K
  class space    used 16302K, committed 17344K, reserved 1048576K
}
Event: 12,655 GC heap after
{Heap after GC invocations=45 (full 0):
 garbage-first heap   total 227328K, used 146986K [0x0000000080000000, 0x0000000100000000)
  region size 1024K, 8 young (8192K), 8 survivors (8192K)
 Metaspace       used 119665K, committed 121792K, reserved 1179648K
  class space    used 16302K, committed 17344K, reserved 1048576K
}
Event: 13,688 GC heap before
{Heap before GC invocations=45 (full 0):
 garbage-first heap   total 227328K, used 211498K [0x0000000080000000, 0x0000000100000000)
  region size 1024K, 57 young (58368K), 8 survivors (8192K)
 Metaspace       used 120217K, committed 122368K, reserved 1179648K
  class space    used 16352K, committed 17408K, reserved 1048576K
}
Event: 13,699 GC heap after
{Heap after GC invocations=46 (full 0):
 garbage-first heap   total 230400K, used 152224K [0x0000000080000000, 0x0000000100000000)
  region size 1024K, 6 young (6144K), 6 survivors (6144K)
 Metaspace       used 120217K, committed 122368K, reserved 1179648K
  class space    used 16352K, committed 17408K, reserved 1048576K
}
Event: 14,400 GC heap before
{Heap before GC invocations=46 (full 0):
 garbage-first heap   total 230400K, used 201376K [0x0000000080000000, 0x0000000100000000)
  region size 1024K, 55 young (56320K), 6 survivors (6144K)
 Metaspace       used 122252K, committed 124480K, reserved 1179648K
  class space    used 16461K, committed 17600K, reserved 1048576K
}
Event: 14,458 GC heap after
{Heap after GC invocations=47 (full 0):
 garbage-first heap   total 230400K, used 159618K [0x0000000080000000, 0x0000000100000000)
  region size 1024K, 7 young (7168K), 7 survivors (7168K)
 Metaspace       used 122252K, committed 124480K, reserved 1179648K
  class space    used 16461K, committed 17600K, reserved 1048576K
}
Event: 16,385 GC heap before
{Heap before GC invocations=48 (full 0):
 garbage-first heap   total 266240K, used 206722K [0x0000000080000000, 0x0000000100000000)
  region size 1024K, 54 young (55296K), 7 survivors (7168K)
 Metaspace       used 124180K, committed 126400K, reserved 1179648K
  class space    used 16702K, committed 17856K, reserved 1048576K
}
Event: 58,733 GC heap after
{Heap after GC invocations=49 (full 0):
 garbage-first heap   total 266240K, used 164071K [0x0000000080000000, 0x0000000100000000)
  region size 1024K, 5 young (5120K), 5 survivors (5120K)
 Metaspace       used 124180K, committed 126400K, reserved 1179648K
  class space    used 16702K, committed 17856K, reserved 1048576K
}
Event: 62,700 GC heap before
{Heap before GC invocations=49 (full 0):
 garbage-first heap   total 266240K, used 172263K [0x0000000080000000, 0x0000000100000000)
  region size 1024K, 13 young (13312K), 5 survivors (5120K)
 Metaspace       used 124193K, committed 126464K, reserved 1179648K
  class space    used 16702K, committed 17856K, reserved 1048576K
}
Event: 62,834 GC heap after
{Heap after GC invocations=50 (full 0):
 garbage-first heap   total 266240K, used 163967K [0x0000000080000000, 0x0000000100000000)
  region size 1024K, 2 young (2048K), 2 survivors (2048K)
 Metaspace       used 124193K, committed 126464K, reserved 1179648K
  class space    used 16702K, committed 17856K, reserved 1048576K
}
Event: 62,902 GC heap before
{Heap before GC invocations=50 (full 0):
 garbage-first heap   total 266240K, used 174207K [0x0000000080000000, 0x0000000100000000)
  region size 1024K, 13 young (13312K), 2 survivors (2048K)
 Metaspace       used 124207K, committed 126464K, reserved 1179648K
  class space    used 16703K, committed 17856K, reserved 1048576K
}
Event: 62,904 GC heap after
{Heap after GC invocations=51 (full 0):
 garbage-first heap   total 266240K, used 162755K [0x0000000080000000, 0x0000000100000000)
  region size 1024K, 1 young (1024K), 1 survivors (1024K)
 Metaspace       used 124207K, committed 126464K, reserved 1179648K
  class space    used 16703K, committed 17856K, reserved 1048576K
}
Event: 62,934 GC heap before
{Heap before GC invocations=51 (full 0):
 garbage-first heap   total 266240K, used 175043K [0x0000000080000000, 0x0000000100000000)
  region size 1024K, 13 young (13312K), 1 survivors (1024K)
 Metaspace       used 124233K, committed 126464K, reserved 1179648K
  class space    used 16705K, committed 17856K, reserved 1048576K
}
Event: 62,939 GC heap after
{Heap after GC invocations=52 (full 0):
 garbage-first heap   total 743424K, used 163050K [0x0000000080000000, 0x0000000100000000)
  region size 1024K, 2 young (2048K), 2 survivors (2048K)
 Metaspace       used 124233K, committed 126464K, reserved 1179648K
  class space    used 16705K, committed 17856K, reserved 1048576K
}

